<?xml version="1.0" encoding="UTF-8"?>
<!-- Generated by org.testng.reporters.JUnitReportReporter -->
<testsuite hostname="LAPTOP-D7ID1N72" failures="0" tests="5" name="com.netbanking.testCases.TC_LoginDDT_002" time="23.525" errors="0" timestamp="2022-12-24T22:57:25 IST" skipped="0">
  <testcase classname="com.netbanking.testCases.TC_LoginDDT_002" name="loginDDT" time="7.918"/>
  <system-out/>
  <testcase classname="com.netbanking.testCases.TC_LoginDDT_002" name="loginDDT" time="3.690"/>
  <system-out/>
  <testcase classname="com.netbanking.testCases.TC_LoginDDT_002" name="loginDDT" time="3.965"/>
  <system-out/>
  <testcase classname="com.netbanking.testCases.TC_LoginDDT_002" name="loginDDT" time="4.314"/>
  <system-out/>
  <testcase classname="com.netbanking.testCases.TC_LoginDDT_002" name="loginDDT" time="3.638"/>
  <system-out/>
</testsuite> <!-- com.netbanking.testCases.TC_LoginDDT_002 -->
